<?xml version="1.0" encoding="UTF-8"?>
<testng-results ignored="0" total="7" passed="7" failed="0" skipped="0">
  <reporter-output>
  </reporter-output>
  <suite started-at="2025-02-14T13:11:11 IST" name="Suite" finished-at="2025-02-14T13:14:09 IST" duration-ms="178024">
    <groups>
    </groups>
    <test started-at="2025-02-14T13:11:11 IST" name="EdgeTest" finished-at="2025-02-14T13:11:42 IST" duration-ms="30925">
      <class name="demowebshop_seleniumTests.HomePage_test">
        <test-method is-config="true" signature="setup(java.lang.String)[pri:0, instance:demowebshop_seleniumTests.HomePage_test@71d44a3]" started-at="2025-02-14T13:11:11 IST" name="setup" finished-at="2025-02-14T13:11:18 IST" duration-ms="7009" status="PASS">
          <params>
            <param index="0">
              <value>
                <![CDATA[edge]]>
              </value>
            </param>
          </params>
          <reporter-output>
          </reporter-output>
        </test-method> <!-- setup -->
        <test-method signature="test_homePagelinks()[pri:0, instance:demowebshop_seleniumTests.HomePage_test@71d44a3]" started-at="2025-02-14T13:11:18 IST" name="test_homePagelinks" finished-at="2025-02-14T13:11:37 IST" duration-ms="19252" status="PASS">
          <reporter-output>
          </reporter-output>
        </test-method> <!-- test_homePagelinks -->
        <test-method is-config="true" signature="tear_down()[pri:0, instance:demowebshop_seleniumTests.HomePage_test@71d44a3]" started-at="2025-02-14T13:11:37 IST" name="tear_down" finished-at="2025-02-14T13:11:42 IST" duration-ms="4306" status="PASS">
          <reporter-output>
          </reporter-output>
        </test-method> <!-- tear_down -->
      </class> <!-- demowebshop_seleniumTests.HomePage_test -->
    </test> <!-- EdgeTest -->
    <test started-at="2025-02-14T13:11:11 IST" name="ChromeTest" finished-at="2025-02-14T13:14:09 IST" duration-ms="178024">
      <class name="demowebshop_seleniumTests.MyaccountPage_test">
        <test-method is-config="true" signature="setup(java.lang.String)[pri:0, instance:demowebshop_seleniumTests.MyaccountPage_test@5dda768f]" started-at="2025-02-14T13:11:12 IST" name="setup" finished-at="2025-02-14T13:11:18 IST" duration-ms="6074" status="PASS">
          <params>
            <param index="0">
              <value>
                <![CDATA[chrome]]>
              </value>
            </param>
          </params>
          <reporter-output>
          </reporter-output>
        </test-method> <!-- setup -->
        <test-method signature="myAccount_ChPas_test(java.lang.String,java.lang.String,java.lang.String,java.lang.String)[pri:1, instance:demowebshop_seleniumTests.MyaccountPage_test@5dda768f]" started-at="2025-02-14T13:11:18 IST" name="myAccount_ChPas_test" data-provider="get_excelData" finished-at="2025-02-14T13:11:32 IST" duration-ms="14487" status="PASS">
          <params>
            <param index="0">
              <value>
                <![CDATA[New and confirm passwords mismatch]]>
              </value>
            </param>
            <param index="1">
              <value>
                <![CDATA[2345643]]>
              </value>
            </param>
            <param index="2">
              <value>
                <![CDATA[bvhjh]]>
              </value>
            </param>
            <param index="3">
              <value>
                <![CDATA[bjbjb]]>
              </value>
            </param>
          </params>
          <reporter-output>
          </reporter-output>
        </test-method> <!-- myAccount_ChPas_test -->
        <test-method is-config="true" signature="tear_down()[pri:0, instance:demowebshop_seleniumTests.MyaccountPage_test@5dda768f]" started-at="2025-02-14T13:11:33 IST" name="tear_down" finished-at="2025-02-14T13:11:36 IST" duration-ms="3269" status="PASS">
          <reporter-output>
          </reporter-output>
        </test-method> <!-- tear_down -->
        <test-method is-config="true" signature="setup(java.lang.String)[pri:0, instance:demowebshop_seleniumTests.MyaccountPage_test@5dda768f]" started-at="2025-02-14T13:11:36 IST" name="setup" finished-at="2025-02-14T13:11:42 IST" duration-ms="5939" status="PASS">
          <params>
            <param index="0">
              <value>
                <![CDATA[chrome]]>
              </value>
            </param>
          </params>
          <reporter-output>
          </reporter-output>
        </test-method> <!-- setup -->
        <test-method signature="myAccount_ChPas_test(java.lang.String,java.lang.String,java.lang.String,java.lang.String)[pri:1, instance:demowebshop_seleniumTests.MyaccountPage_test@5dda768f]" started-at="2025-02-14T13:11:42 IST" name="myAccount_ChPas_test" data-provider="get_excelData" finished-at="2025-02-14T13:11:52 IST" duration-ms="10373" status="PASS">
          <params>
            <param index="0">
              <value>
                <![CDATA[blank values for old, new and confirm password]]>
              </value>
            </param>
            <param index="1">
              <value>
                <![CDATA[]]>
              </value>
            </param>
            <param index="2">
              <value>
                <![CDATA[]]>
              </value>
            </param>
            <param index="3">
              <value>
                <![CDATA[]]>
              </value>
            </param>
          </params>
          <reporter-output>
          </reporter-output>
        </test-method> <!-- myAccount_ChPas_test -->
        <test-method is-config="true" signature="tear_down()[pri:0, instance:demowebshop_seleniumTests.MyaccountPage_test@5dda768f]" started-at="2025-02-14T13:11:52 IST" name="tear_down" finished-at="2025-02-14T13:11:56 IST" duration-ms="3746" status="PASS">
          <reporter-output>
          </reporter-output>
        </test-method> <!-- tear_down -->
        <test-method is-config="true" signature="setup(java.lang.String)[pri:0, instance:demowebshop_seleniumTests.MyaccountPage_test@5dda768f]" started-at="2025-02-14T13:11:56 IST" name="setup" finished-at="2025-02-14T13:11:59 IST" duration-ms="3205" status="PASS">
          <params>
            <param index="0">
              <value>
                <![CDATA[chrome]]>
              </value>
            </param>
          </params>
          <reporter-output>
          </reporter-output>
        </test-method> <!-- setup -->
        <test-method signature="myAccount_ChPas_test(java.lang.String,java.lang.String,java.lang.String,java.lang.String)[pri:1, instance:demowebshop_seleniumTests.MyaccountPage_test@5dda768f]" started-at="2025-02-14T13:11:59 IST" name="myAccount_ChPas_test" data-provider="get_excelData" finished-at="2025-02-14T13:12:14 IST" duration-ms="14921" status="PASS">
          <params>
            <param index="0">
              <value>
                <![CDATA[old password mismatch]]>
              </value>
            </param>
            <param index="1">
              <value>
                <![CDATA[dfdf]]>
              </value>
            </param>
            <param index="2">
              <value>
                <![CDATA[23442df]]>
              </value>
            </param>
            <param index="3">
              <value>
                <![CDATA[23442df]]>
              </value>
            </param>
          </params>
          <reporter-output>
          </reporter-output>
        </test-method> <!-- myAccount_ChPas_test -->
        <test-method is-config="true" signature="tear_down()[pri:0, instance:demowebshop_seleniumTests.MyaccountPage_test@5dda768f]" started-at="2025-02-14T13:12:14 IST" name="tear_down" finished-at="2025-02-14T13:12:18 IST" duration-ms="3262" status="PASS">
          <reporter-output>
          </reporter-output>
        </test-method> <!-- tear_down -->
        <test-method is-config="true" signature="setup(java.lang.String)[pri:0, instance:demowebshop_seleniumTests.MyaccountPage_test@5dda768f]" started-at="2025-02-14T13:12:18 IST" name="setup" finished-at="2025-02-14T13:12:23 IST" duration-ms="5594" status="PASS">
          <params>
            <param index="0">
              <value>
                <![CDATA[chrome]]>
              </value>
            </param>
          </params>
          <reporter-output>
          </reporter-output>
        </test-method> <!-- setup -->
        <test-method signature="myAccount_ChPas_test(java.lang.String,java.lang.String,java.lang.String,java.lang.String)[pri:1, instance:demowebshop_seleniumTests.MyaccountPage_test@5dda768f]" started-at="2025-02-14T13:12:23 IST" name="myAccount_ChPas_test" data-provider="get_excelData" finished-at="2025-02-14T13:12:36 IST" duration-ms="12496" status="PASS">
          <params>
            <param index="0">
              <value>
                <![CDATA[confirm password mismatch]]>
              </value>
            </param>
            <param index="1">
              <value>
                <![CDATA[76dsdjsd]]>
              </value>
            </param>
            <param index="2">
              <value>
                <![CDATA[1223123]]>
              </value>
            </param>
            <param index="3">
              <value>
                <![CDATA[sdsdds]]>
              </value>
            </param>
          </params>
          <reporter-output>
          </reporter-output>
        </test-method> <!-- myAccount_ChPas_test -->
        <test-method is-config="true" signature="tear_down()[pri:0, instance:demowebshop_seleniumTests.MyaccountPage_test@5dda768f]" started-at="2025-02-14T13:12:36 IST" name="tear_down" finished-at="2025-02-14T13:12:41 IST" duration-ms="4951" status="PASS">
          <reporter-output>
          </reporter-output>
        </test-method> <!-- tear_down -->
        <test-method is-config="true" signature="setup(java.lang.String)[pri:0, instance:demowebshop_seleniumTests.MyaccountPage_test@5dda768f]" started-at="2025-02-14T13:12:41 IST" name="setup" finished-at="2025-02-14T13:12:47 IST" duration-ms="5696" status="PASS">
          <params>
            <param index="0">
              <value>
                <![CDATA[chrome]]>
              </value>
            </param>
          </params>
          <reporter-output>
          </reporter-output>
        </test-method> <!-- setup -->
        <test-method signature="add_dlt_address(java.lang.String,java.lang.String,java.lang.String,java.lang.String,java.lang.String,java.lang.String,java.lang.String,java.lang.String)[pri:2, instance:demowebshop_seleniumTests.MyaccountPage_test@5dda768f]" started-at="2025-02-14T13:12:47 IST" name="add_dlt_address" data-provider="get_excelData" finished-at="2025-02-14T13:13:08 IST" duration-ms="21153" status="PASS">
          <params>
            <param index="0">
              <value>
                <![CDATA[Sku]]>
              </value>
            </param>
            <param index="1">
              <value>
                <![CDATA[K]]>
              </value>
            </param>
            <param index="2">
              <value>
                <![CDATA[sku@mail.com]]>
              </value>
            </param>
            <param index="3">
              <value>
                <![CDATA[India]]>
              </value>
            </param>
            <param index="4">
              <value>
                <![CDATA[Bangalore]]>
              </value>
            </param>
            <param index="5">
              <value>
                <![CDATA[sdsfsv]]>
              </value>
            </param>
            <param index="6">
              <value>
                <![CDATA[123456]]>
              </value>
            </param>
            <param index="7">
              <value>
                <![CDATA[1234567890]]>
              </value>
            </param>
          </params>
          <reporter-output>
          </reporter-output>
        </test-method> <!-- add_dlt_address -->
        <test-method is-config="true" signature="tear_down()[pri:0, instance:demowebshop_seleniumTests.MyaccountPage_test@5dda768f]" started-at="2025-02-14T13:13:23 IST" name="tear_down" finished-at="2025-02-14T13:13:26 IST" duration-ms="3323" status="PASS">
          <reporter-output>
          </reporter-output>
        </test-method> <!-- tear_down -->
        <test-method is-config="true" signature="setup(java.lang.String)[pri:0, instance:demowebshop_seleniumTests.MyaccountPage_test@5dda768f]" started-at="2025-02-14T13:13:26 IST" name="setup" finished-at="2025-02-14T13:13:33 IST" duration-ms="6186" status="PASS">
          <params>
            <param index="0">
              <value>
                <![CDATA[chrome]]>
              </value>
            </param>
          </params>
          <reporter-output>
          </reporter-output>
        </test-method> <!-- setup -->
        <test-method signature="add_dlt_address(java.lang.String,java.lang.String,java.lang.String,java.lang.String,java.lang.String,java.lang.String,java.lang.String,java.lang.String)[pri:2, instance:demowebshop_seleniumTests.MyaccountPage_test@5dda768f]" started-at="2025-02-14T13:13:33 IST" name="add_dlt_address" data-provider="get_excelData" finished-at="2025-02-14T13:13:52 IST" duration-ms="19784" status="PASS">
          <params>
            <param index="0">
              <value>
                <![CDATA[Xml]]>
              </value>
            </param>
            <param index="1">
              <value>
                <![CDATA[N]]>
              </value>
            </param>
            <param index="2">
              <value>
                <![CDATA[xml@mail.com]]>
              </value>
            </param>
            <param index="3">
              <value>
                <![CDATA[India]]>
              </value>
            </param>
            <param index="4">
              <value>
                <![CDATA[Hyderabad]]>
              </value>
            </param>
            <param index="5">
              <value>
                <![CDATA[dfsfdsf]]>
              </value>
            </param>
            <param index="6">
              <value>
                <![CDATA[423535]]>
              </value>
            </param>
            <param index="7">
              <value>
                <![CDATA[987654321]]>
              </value>
            </param>
          </params>
          <reporter-output>
          </reporter-output>
        </test-method> <!-- add_dlt_address -->
        <test-method is-config="true" signature="tear_down()[pri:0, instance:demowebshop_seleniumTests.MyaccountPage_test@5dda768f]" started-at="2025-02-14T13:14:05 IST" name="tear_down" finished-at="2025-02-14T13:14:09 IST" duration-ms="3294" status="PASS">
          <reporter-output>
          </reporter-output>
        </test-method> <!-- tear_down -->
      </class> <!-- demowebshop_seleniumTests.MyaccountPage_test -->
    </test> <!-- ChromeTest -->
  </suite> <!-- Suite -->
</testng-results>
